<?xml version="1.0" encoding="UTF-8"?>
<testng-results skipped="0" failed="0" total="1" passed="1">
  <reporter-output>
  </reporter-output>
  <suite name="test.NewTest" duration-ms="37534" started-at="2020-01-12T07:51:15Z" finished-at="2020-01-12T07:51:53Z">
    <groups>
    </groups>
    <test name="Command line test" duration-ms="37534" started-at="2020-01-12T07:51:15Z" finished-at="2020-01-12T07:51:53Z">
      <class name="test.NewTest">
        <test-method status="PASS" signature="f()[pri:0, instance:test.NewTest@7a5d012c]" name="f" duration-ms="37504" started-at="2020-01-12T13:21:15Z" finished-at="2020-01-12T13:21:53Z">
          <reporter-output>
          </reporter-output>
        </test-method> <!-- f -->
      </class> <!-- test.NewTest -->
    </test> <!-- Command line test -->
  </suite> <!-- test.NewTest -->
</testng-results>
