<?xml version="1.0" encoding="UTF-8"?>
<testng-results skipped="0" failed="0" total="1" passed="1">
  <reporter-output>
  </reporter-output>
  <suite name="Default suite" duration-ms="32289" started-at="2020-01-05T06:09:04Z" finished-at="2020-01-05T06:09:37Z">
    <groups>
    </groups>
    <test name="Default test" duration-ms="32289" started-at="2020-01-05T06:09:04Z" finished-at="2020-01-05T06:09:37Z">
      <class name="test.NewTest">
        <test-method status="PASS" signature="f()[pri:0, instance:test.NewTest@357246de]" name="f" duration-ms="32263" started-at="2020-01-05T11:39:04Z" finished-at="2020-01-05T11:39:37Z">
          <reporter-output>
          </reporter-output>
        </test-method> <!-- f -->
      </class> <!-- test.NewTest -->
    </test> <!-- Default test -->
  </suite> <!-- Default suite -->
</testng-results>
